<?xml version="1.0" encoding="UTF-8"?>
<coverage generated="1714668374025" clover="3.2.0">
  <project timestamp="1714668374025" name="All files">
    <metrics statements="85" coveredstatements="85" conditionals="13" coveredconditionals="13" methods="34" coveredmethods="34" elements="132" coveredelements="132" complexity="0" loc="85" ncloc="85" packages="1" files="2" classes="2"/>
    <file name="stream.ts" path="/Users/vincent/Bootcamp/project/astro/src/stream/stream.ts">
      <metrics statements="57" coveredstatements="57" conditionals="11" coveredconditionals="11" methods="20" coveredmethods="20"/>
      <line num="9" count="1400" type="stmt"/>
      <line num="10" count="1400" type="stmt"/>
      <line num="18" count="1400" type="stmt"/>
      <line num="20" count="1400" type="cond" truecount="1" falsecount="0"/>
      <line num="21" count="200" type="stmt"/>
      <line num="22" count="1200" type="stmt"/>
      <line num="23" count="1200" type="stmt"/>
      <line num="24" count="1200" type="stmt"/>
      <line num="25" count="1200" type="stmt"/>
      <line num="29" count="1500" type="stmt"/>
      <line num="33" count="12958" type="stmt"/>
      <line num="38" count="12958" type="stmt"/>
      <line num="42" count="200" type="stmt"/>
      <line num="43" count="6479" type="stmt"/>
      <line num="44" count="12958" type="stmt"/>
      <line num="45" count="12958" type="stmt"/>
      <line num="47" count="12958" type="stmt"/>
      <line num="48" count="12958" type="stmt"/>
      <line num="60" count="12958" type="stmt"/>
      <line num="64" count="12958" type="cond" truecount="1" falsecount="0"/>
      <line num="65" count="541" type="stmt"/>
      <line num="66" count="541" type="cond" truecount="1" falsecount="0"/>
      <line num="67" count="483" type="stmt"/>
      <line num="68" count="483" type="stmt"/>
      <line num="72" count="12958" type="stmt"/>
      <line num="75" count="6479" type="cond" truecount="1" falsecount="0"/>
      <line num="76" count="200" type="stmt"/>
      <line num="88" count="1241" type="stmt"/>
      <line num="90" count="2482" type="stmt"/>
      <line num="94" count="1241" type="stmt"/>
      <line num="96" count="2482" type="stmt"/>
      <line num="100" count="1241" type="cond" truecount="1" falsecount="0"/>
      <line num="104" count="658" type="stmt"/>
      <line num="108" count="583" type="stmt"/>
      <line num="109" count="583" type="stmt"/>
      <line num="111" count="583" type="stmt"/>
      <line num="113" count="583" type="stmt"/>
      <line num="114" count="1166" type="stmt"/>
      <line num="116" count="310" type="stmt"/>
      <line num="118" count="310" type="stmt"/>
      <line num="123" count="310" type="stmt"/>
      <line num="126" count="583" type="cond" truecount="1" falsecount="0"/>
      <line num="128" count="583" type="cond" truecount="1" falsecount="0"/>
      <line num="129" count="383" type="stmt"/>
      <line num="130" count="583" type="stmt"/>
      <line num="134" count="483" type="stmt"/>
      <line num="135" count="483" type="stmt"/>
      <line num="136" count="966" type="stmt"/>
      <line num="137" count="966" type="stmt"/>
      <line num="142" count="600" type="stmt"/>
      <line num="146" count="6779" type="stmt"/>
      <line num="147" count="13558" type="stmt"/>
      <line num="153" count="783" type="stmt"/>
      <line num="154" count="1566" type="stmt"/>
      <line num="160" count="583" type="stmt"/>
      <line num="161" count="1166" type="stmt"/>
      <line num="167" count="1" type="stmt"/>
    </file>
    <file name="streamType.ts" path="/Users/vincent/Bootcamp/project/astro/src/stream/streamType.ts">
      <metrics statements="28" coveredstatements="28" conditionals="2" coveredconditionals="2" methods="14" coveredmethods="14"/>
      <line num="3" count="4600" type="stmt"/>
      <line num="4" count="4600" type="stmt"/>
      <line num="5" count="4600" type="stmt"/>
      <line num="6" count="4600" type="stmt"/>
      <line num="7" count="4600" type="stmt"/>
      <line num="10" count="4600" type="stmt"/>
      <line num="11" count="4600" type="stmt"/>
      <line num="12" count="4600" type="stmt"/>
      <line num="13" count="4600" type="stmt"/>
      <line num="17" count="13058" type="stmt"/>
      <line num="21" count="100" type="stmt"/>
      <line num="25" count="13358" type="stmt"/>
      <line num="29" count="13458" type="stmt"/>
      <line num="33" count="56160" type="stmt"/>
      <line num="37" count="15900" type="stmt"/>
      <line num="41" count="31280" type="stmt"/>
      <line num="45" count="410" type="stmt"/>
      <line num="49" count="15966" type="stmt"/>
      <line num="53" count="1166" type="stmt"/>
      <line num="57" count="13758" type="stmt"/>
      <line num="61" count="13258" type="stmt"/>
      <line num="65" count="13258" type="cond" truecount="1" falsecount="0"/>
      <line num="66" count="13100" type="cond" truecount="1" falsecount="0"/>
      <line num="67" count="410" type="stmt"/>
      <line num="68" count="410" type="stmt"/>
      <line num="70" count="13100" type="stmt"/>
      <line num="71" count="13100" type="stmt"/>
      <line num="75" count="2" type="stmt"/>
    </file>
  </project>
</coverage>
