{"/Users/vincent/Bootcamp/project/astro/src/stream/stream.ts": {"path":"/Users/vincent/Bootcamp/project/astro/src/stream/stream.ts","statementMap":{"0":{"start":{"line":9,"column":10},"end":{"line":9,"column":37}},"1":{"start":{"line":10,"column":10},"end":{"line":10,"column":36}},"2":{"start":{"line":18,"column":4},"end":{"line":18,"column":33}},"3":{"start":{"line":20,"column":4},"end":{"line":21,"column":66}},"4":{"start":{"line":21,"column":6},"end":{"line":21,"column":66}},"5":{"start":{"line":22,"column":4},"end":{"line":22,"column":51}},"6":{"start":{"line":23,"column":4},"end":{"line":23,"column":47}},"7":{"start":{"line":24,"column":4},"end":{"line":24,"column":69}},"8":{"start":{"line":25,"column":4},"end":{"line":25,"column":50}},"9":{"start":{"line":29,"column":4},"end":{"line":29,"column":27}},"10":{"start":{"line":33,"column":23},"end":{"line":35,"column":null}},"11":{"start":{"line":38,"column":4},"end":{"line":38,"column":24}},"12":{"start":{"line":42,"column":4},"end":{"line":78,"column":5}},"13":{"start":{"line":43,"column":6},"end":{"line":73,"column":9}},"14":{"start":{"line":44,"column":30},"end":{"line":44,"column":59}},"15":{"start":{"line":45,"column":34},"end":{"line":45,"column":59}},"16":{"start":{"line":47,"column":8},"end":{"line":47,"column":44}},"17":{"start":{"line":48,"column":24},"end":{"line":58,"column":10}},"18":{"start":{"line":60,"column":32},"end":{"line":61,"column":null}},"19":{"start":{"line":64,"column":8},"end":{"line":70,"column":9}},"20":{"start":{"line":65,"column":30},"end":{"line":65,"column":56}},"21":{"start":{"line":66,"column":10},"end":{"line":69,"column":11}},"22":{"start":{"line":67,"column":12},"end":{"line":67,"column":37}},"23":{"start":{"line":68,"column":12},"end":{"line":68,"column":39}},"24":{"start":{"line":72,"column":8},"end":{"line":72,"column":41}},"25":{"start":{"line":75,"column":6},"end":{"line":77,"column":7}},"26":{"start":{"line":76,"column":8},"end":{"line":76,"column":14}},"27":{"start":{"line":88,"column":39},"end":{"line":91,"column":null}},"28":{"start":{"line":90,"column":8},"end":{"line":91,"column":41}},"29":{"start":{"line":94,"column":39},"end":{"line":97,"column":null}},"30":{"start":{"line":96,"column":8},"end":{"line":97,"column":41}},"31":{"start":{"line":100,"column":4},"end":{"line":105,"column":5}},"32":{"start":{"line":104,"column":6},"end":{"line":104,"column":19}},"33":{"start":{"line":108,"column":31},"end":{"line":108,"column":61}},"34":{"start":{"line":109,"column":31},"end":{"line":109,"column":59}},"35":{"start":{"line":111,"column":33},"end":{"line":111,"column":74}},"36":{"start":{"line":113,"column":4},"end":{"line":124,"column":9}},"37":{"start":{"line":114,"column":26},"end":{"line":114,"column":62}},"38":{"start":{"line":116,"column":40},"end":{"line":116,"column":72}},"39":{"start":{"line":118,"column":8},"end":{"line":122,"column":10}},"40":{"start":{"line":123,"column":8},"end":{"line":123,"column":56}},"41":{"start":{"line":126,"column":4},"end":{"line":126,"column":73}},"42":{"start":{"line":126,"column":37},"end":{"line":126,"column":73}},"43":{"start":{"line":128,"column":4},"end":{"line":129,"column":56}},"44":{"start":{"line":129,"column":6},"end":{"line":129,"column":56}},"45":{"start":{"line":130,"column":4},"end":{"line":130,"column":16}},"46":{"start":{"line":134,"column":28},"end":{"line":134,"column":73}},"47":{"start":{"line":135,"column":4},"end":{"line":138,"column":7}},"48":{"start":{"line":136,"column":6},"end":{"line":136,"column":47}},"49":{"start":{"line":137,"column":6},"end":{"line":137,"column":54}},"50":{"start":{"line":142,"column":4},"end":{"line":142,"column":64}},"51":{"start":{"line":142,"column":36},"end":{"line":142,"column":62}},"52":{"start":{"line":146,"column":4},"end":{"line":149,"column":6}},"53":{"start":{"line":147,"column":41},"end":{"line":147,"column":63}},"54":{"start":{"line":153,"column":4},"end":{"line":156,"column":6}},"55":{"start":{"line":154,"column":22},"end":{"line":154,"column":52}},"56":{"start":{"line":160,"column":4},"end":{"line":163,"column":6}},"57":{"start":{"line":161,"column":22},"end":{"line":161,"column":59}},"58":{"start":{"line":167,"column":0},"end":{"line":167,"column":22}}},"fnMap":{"0":{"name":"(anonymous_0)","decl":{"start":{"line":12,"column":2},"end":{"line":12,"column":null}},"loc":{"start":{"line":16,"column":40},"end":{"line":26,"column":3}}},"1":{"name":"(anonymous_1)","decl":{"start":{"line":28,"column":2},"end":{"line":28,"column":18}},"loc":{"start":{"line":28,"column":18},"end":{"line":30,"column":3}}},"2":{"name":"(anonymous_2)","decl":{"start":{"line":32,"column":2},"end":{"line":32,"column":24}},"loc":{"start":{"line":32,"column":24},"end":{"line":39,"column":3}}},"3":{"name":"(anonymous_3)","decl":{"start":{"line":41,"column":2},"end":{"line":41,"column":16}},"loc":{"start":{"line":41,"column":16},"end":{"line":84,"column":3}}},"4":{"name":"(anonymous_4)","decl":{"start":{"line":43,"column":30},"end":{"line":43,"column":31}},"loc":{"start":{"line":43,"column":41},"end":{"line":73,"column":7}}},"5":{"name":"(anonymous_5)","decl":{"start":{"line":86,"column":2},"end":{"line":86,"column":21}},"loc":{"start":{"line":86,"column":21},"end":{"line":131,"column":3}}},"6":{"name":"(anonymous_6)","decl":{"start":{"line":89,"column":6},"end":{"line":89,"column":7}},"loc":{"start":{"line":90,"column":8},"end":{"line":91,"column":41}}},"7":{"name":"(anonymous_7)","decl":{"start":{"line":95,"column":6},"end":{"line":95,"column":7}},"loc":{"start":{"line":96,"column":8},"end":{"line":97,"column":41}}},"8":{"name":"(anonymous_8)","decl":{"start":{"line":114,"column":14},"end":{"line":114,"column":15}},"loc":{"start":{"line":114,"column":26},"end":{"line":114,"column":62}}},"9":{"name":"(anonymous_9)","decl":{"start":{"line":115,"column":15},"end":{"line":115,"column":16}},"loc":{"start":{"line":115,"column":26},"end":{"line":124,"column":7}}},"10":{"name":"(anonymous_10)","decl":{"start":{"line":133,"column":2},"end":{"line":133,"column":22}},"loc":{"start":{"line":133,"column":53},"end":{"line":139,"column":3}}},"11":{"name":"(anonymous_11)","decl":{"start":{"line":135,"column":24},"end":{"line":135,"column":25}},"loc":{"start":{"line":135,"column":35},"end":{"line":138,"column":5}}},"12":{"name":"(anonymous_12)","decl":{"start":{"line":141,"column":2},"end":{"line":141,"column":30}},"loc":{"start":{"line":141,"column":30},"end":{"line":143,"column":3}}},"13":{"name":"(anonymous_13)","decl":{"start":{"line":142,"column":24},"end":{"line":142,"column":25}},"loc":{"start":{"line":142,"column":36},"end":{"line":142,"column":62}}},"14":{"name":"(anonymous_14)","decl":{"start":{"line":145,"column":2},"end":{"line":145,"column":24}},"loc":{"start":{"line":145,"column":24},"end":{"line":150,"column":3}}},"15":{"name":"(anonymous_15)","decl":{"start":{"line":147,"column":29},"end":{"line":147,"column":30}},"loc":{"start":{"line":147,"column":41},"end":{"line":147,"column":63}}},"16":{"name":"(anonymous_16)","decl":{"start":{"line":152,"column":2},"end":{"line":152,"column":25}},"loc":{"start":{"line":152,"column":25},"end":{"line":157,"column":3}}},"17":{"name":"(anonymous_17)","decl":{"start":{"line":154,"column":6},"end":{"line":154,"column":7}},"loc":{"start":{"line":154,"column":22},"end":{"line":154,"column":52}}},"18":{"name":"(anonymous_18)","decl":{"start":{"line":159,"column":2},"end":{"line":159,"column":23}},"loc":{"start":{"line":159,"column":23},"end":{"line":164,"column":3}}},"19":{"name":"(anonymous_19)","decl":{"start":{"line":161,"column":6},"end":{"line":161,"column":7}},"loc":{"start":{"line":161,"column":22},"end":{"line":161,"column":59}}}},"branchMap":{"0":{"loc":{"start":{"line":20,"column":4},"end":{"line":21,"column":66}},"type":"if","locations":[{"start":{"line":20,"column":4},"end":{"line":21,"column":66}}]},"1":{"loc":{"start":{"line":64,"column":8},"end":{"line":70,"column":9}},"type":"if","locations":[{"start":{"line":64,"column":8},"end":{"line":70,"column":9}}]},"2":{"loc":{"start":{"line":66,"column":10},"end":{"line":69,"column":11}},"type":"if","locations":[{"start":{"line":66,"column":10},"end":{"line":69,"column":11}}]},"3":{"loc":{"start":{"line":75,"column":6},"end":{"line":77,"column":7}},"type":"if","locations":[{"start":{"line":75,"column":6},"end":{"line":77,"column":7}}]},"4":{"loc":{"start":{"line":100,"column":4},"end":{"line":105,"column":5}},"type":"if","locations":[{"start":{"line":100,"column":4},"end":{"line":105,"column":5}}]},"5":{"loc":{"start":{"line":101,"column":6},"end":{"line":102,"column":65}},"type":"binary-expr","locations":[{"start":{"line":101,"column":6},"end":{"line":101,"column":65}},{"start":{"line":102,"column":6},"end":{"line":102,"column":65}}]},"6":{"loc":{"start":{"line":119,"column":10},"end":{"line":121,"column":15}},"type":"cond-expr","locations":[{"start":{"line":120,"column":14},"end":{"line":120,"column":60}},{"start":{"line":121,"column":14},"end":{"line":121,"column":15}}]},"7":{"loc":{"start":{"line":126,"column":4},"end":{"line":126,"column":73}},"type":"if","locations":[{"start":{"line":126,"column":4},"end":{"line":126,"column":73}}]},"8":{"loc":{"start":{"line":128,"column":4},"end":{"line":129,"column":56}},"type":"if","locations":[{"start":{"line":128,"column":4},"end":{"line":129,"column":56}}]}},"s":{"0":1400,"1":1400,"2":1400,"3":1400,"4":200,"5":1200,"6":1200,"7":1200,"8":1200,"9":1500,"10":12958,"11":12958,"12":200,"13":6479,"14":12958,"15":12958,"16":12958,"17":12958,"18":12958,"19":12958,"20":541,"21":541,"22":483,"23":483,"24":12958,"25":6479,"26":200,"27":1241,"28":2482,"29":1241,"30":2482,"31":1241,"32":658,"33":583,"34":583,"35":583,"36":583,"37":1166,"38":310,"39":310,"40":310,"41":583,"42":200,"43":583,"44":383,"45":583,"46":483,"47":483,"48":966,"49":966,"50":300,"51":600,"52":6779,"53":13558,"54":783,"55":1566,"56":583,"57":1166,"58":1},"f":{"0":1400,"1":1500,"2":12958,"3":200,"4":12958,"5":1241,"6":2482,"7":2482,"8":1166,"9":310,"10":483,"11":966,"12":300,"13":600,"14":6779,"15":13558,"16":783,"17":1566,"18":583,"19":1166},"b":{"0":[200],"1":[541],"2":[483],"3":[200],"4":[658],"5":[1241,783],"6":[100,210],"7":[200],"8":[383]}}
,"/Users/vincent/Bootcamp/project/astro/src/stream/streamType.ts": {"path":"/Users/vincent/Bootcamp/project/astro/src/stream/streamType.ts","statementMap":{"0":{"start":{"line":3,"column":10},"end":{"line":3,"column":37}},"1":{"start":{"line":4,"column":10},"end":{"line":4,"column":43}},"2":{"start":{"line":5,"column":10},"end":{"line":5,"column":36}},"3":{"start":{"line":6,"column":10},"end":{"line":6,"column":43}},"4":{"start":{"line":7,"column":10},"end":{"line":7,"column":35}},"5":{"start":{"line":10,"column":4},"end":{"line":10,"column":21}},"6":{"start":{"line":11,"column":4},"end":{"line":11,"column":33}},"7":{"start":{"line":12,"column":4},"end":{"line":12,"column":39}},"8":{"start":{"line":13,"column":4},"end":{"line":13,"column":32}},"9":{"start":{"line":17,"column":4},"end":{"line":17,"column":21}},"10":{"start":{"line":21,"column":4},"end":{"line":21,"column":31}},"11":{"start":{"line":25,"column":4},"end":{"line":25,"column":29}},"12":{"start":{"line":29,"column":4},"end":{"line":29,"column":37}},"13":{"start":{"line":33,"column":4},"end":{"line":33,"column":30}},"14":{"start":{"line":37,"column":4},"end":{"line":37,"column":37}},"15":{"start":{"line":41,"column":4},"end":{"line":41,"column":66}},"16":{"start":{"line":45,"column":4},"end":{"line":45,"column":39}},"17":{"start":{"line":49,"column":4},"end":{"line":49,"column":32}},"18":{"start":{"line":53,"column":4},"end":{"line":53,"column":39}},"19":{"start":{"line":57,"column":4},"end":{"line":57,"column":35}},"20":{"start":{"line":61,"column":4},"end":{"line":61,"column":72}},"21":{"start":{"line":65,"column":4},"end":{"line":65,"column":46}},"22":{"start":{"line":65,"column":39},"end":{"line":65,"column":46}},"23":{"start":{"line":66,"column":4},"end":{"line":69,"column":5}},"24":{"start":{"line":67,"column":6},"end":{"line":67,"column":67}},"25":{"start":{"line":68,"column":6},"end":{"line":68,"column":39}},"26":{"start":{"line":70,"column":4},"end":{"line":70,"column":55}},"27":{"start":{"line":71,"column":4},"end":{"line":71,"column":27}},"28":{"start":{"line":75,"column":0},"end":{"line":75,"column":26}}},"fnMap":{"0":{"name":"(anonymous_0)","decl":{"start":{"line":9,"column":2},"end":{"line":9,"column":14}},"loc":{"start":{"line":9,"column":42},"end":{"line":14,"column":3}}},"1":{"name":"(anonymous_1)","decl":{"start":{"line":16,"column":2},"end":{"line":16,"column":9}},"loc":{"start":{"line":16,"column":9},"end":{"line":18,"column":3}}},"2":{"name":"(anonymous_2)","decl":{"start":{"line":20,"column":2},"end":{"line":20,"column":19}},"loc":{"start":{"line":20,"column":19},"end":{"line":22,"column":3}}},"3":{"name":"(anonymous_3)","decl":{"start":{"line":24,"column":2},"end":{"line":24,"column":17}},"loc":{"start":{"line":24,"column":17},"end":{"line":26,"column":3}}},"4":{"name":"(anonymous_4)","decl":{"start":{"line":28,"column":2},"end":{"line":28,"column":25}},"loc":{"start":{"line":28,"column":25},"end":{"line":30,"column":3}}},"5":{"name":"(anonymous_5)","decl":{"start":{"line":32,"column":2},"end":{"line":32,"column":18}},"loc":{"start":{"line":32,"column":18},"end":{"line":34,"column":3}}},"6":{"name":"(anonymous_6)","decl":{"start":{"line":36,"column":2},"end":{"line":36,"column":25}},"loc":{"start":{"line":36,"column":25},"end":{"line":38,"column":3}}},"7":{"name":"(anonymous_7)","decl":{"start":{"line":40,"column":2},"end":{"line":40,"column":31}},"loc":{"start":{"line":40,"column":31},"end":{"line":42,"column":3}}},"8":{"name":"(anonymous_8)","decl":{"start":{"line":44,"column":2},"end":{"line":44,"column":25}},"loc":{"start":{"line":44,"column":40},"end":{"line":46,"column":3}}},"9":{"name":"(anonymous_9)","decl":{"start":{"line":48,"column":2},"end":{"line":48,"column":18}},"loc":{"start":{"line":48,"column":33},"end":{"line":50,"column":3}}},"10":{"name":"(anonymous_10)","decl":{"start":{"line":52,"column":2},"end":{"line":52,"column":25}},"loc":{"start":{"line":52,"column":40},"end":{"line":54,"column":3}}},"11":{"name":"(anonymous_11)","decl":{"start":{"line":56,"column":2},"end":{"line":56,"column":15}},"loc":{"start":{"line":56,"column":15},"end":{"line":58,"column":3}}},"12":{"name":"(anonymous_12)","decl":{"start":{"line":60,"column":2},"end":{"line":60,"column":19}},"loc":{"start":{"line":60,"column":49},"end":{"line":62,"column":3}}},"13":{"name":"(anonymous_13)","decl":{"start":{"line":64,"column":2},"end":{"line":64,"column":15}},"loc":{"start":{"line":64,"column":30},"end":{"line":72,"column":3}}}},"branchMap":{"0":{"loc":{"start":{"line":65,"column":4},"end":{"line":65,"column":46}},"type":"if","locations":[{"start":{"line":65,"column":4},"end":{"line":65,"column":46}}]},"1":{"loc":{"start":{"line":66,"column":4},"end":{"line":69,"column":5}},"type":"if","locations":[{"start":{"line":66,"column":4},"end":{"line":69,"column":5}}]}},"s":{"0":4600,"1":4600,"2":4600,"3":4600,"4":4600,"5":4600,"6":4600,"7":4600,"8":4600,"9":13058,"10":100,"11":13358,"12":13458,"13":56160,"14":15900,"15":31280,"16":410,"17":15966,"18":1166,"19":13758,"20":13258,"21":13258,"22":158,"23":13100,"24":410,"25":410,"26":13100,"27":13100,"28":2},"f":{"0":4600,"1":13058,"2":100,"3":13358,"4":13458,"5":56160,"6":15900,"7":31280,"8":410,"9":15966,"10":1166,"11":13758,"12":13258,"13":13258},"b":{"0":[158],"1":[410]}}
}
