TN:
SF:src/stream/stream.ts
FN:12,(anonymous_0)
FN:28,(anonymous_1)
FN:32,(anonymous_2)
FN:41,(anonymous_3)
FN:43,(anonymous_4)
FN:86,(anonymous_5)
FN:89,(anonymous_6)
FN:95,(anonymous_7)
FN:114,(anonymous_8)
FN:115,(anonymous_9)
FN:133,(anonymous_10)
FN:135,(anonymous_11)
FN:141,(anonymous_12)
FN:142,(anonymous_13)
FN:145,(anonymous_14)
FN:147,(anonymous_15)
FN:152,(anonymous_16)
FN:154,(anonymous_17)
FN:159,(anonymous_18)
FN:161,(anonymous_19)
FNF:20
FNH:20
FNDA:1400,(anonymous_0)
FNDA:1500,(anonymous_1)
FNDA:12958,(anonymous_2)
FNDA:200,(anonymous_3)
FNDA:12958,(anonymous_4)
FNDA:1241,(anonymous_5)
FNDA:2482,(anonymous_6)
FNDA:2482,(anonymous_7)
FNDA:1166,(anonymous_8)
FNDA:310,(anonymous_9)
FNDA:483,(anonymous_10)
FNDA:966,(anonymous_11)
FNDA:300,(anonymous_12)
FNDA:600,(anonymous_13)
FNDA:6779,(anonymous_14)
FNDA:13558,(anonymous_15)
FNDA:783,(anonymous_16)
FNDA:1566,(anonymous_17)
FNDA:583,(anonymous_18)
FNDA:1166,(anonymous_19)
DA:9,1400
DA:10,1400
DA:18,1400
DA:20,1400
DA:21,200
DA:22,1200
DA:23,1200
DA:24,1200
DA:25,1200
DA:29,1500
DA:33,12958
DA:38,12958
DA:42,200
DA:43,6479
DA:44,12958
DA:45,12958
DA:47,12958
DA:48,12958
DA:60,12958
DA:64,12958
DA:65,541
DA:66,541
DA:67,483
DA:68,483
DA:72,12958
DA:75,6479
DA:76,200
DA:88,1241
DA:90,2482
DA:94,1241
DA:96,2482
DA:100,1241
DA:104,658
DA:108,583
DA:109,583
DA:111,583
DA:113,583
DA:114,1166
DA:116,310
DA:118,310
DA:123,310
DA:126,583
DA:128,583
DA:129,383
DA:130,583
DA:134,483
DA:135,483
DA:136,966
DA:137,966
DA:142,600
DA:146,6779
DA:147,13558
DA:153,783
DA:154,1566
DA:160,583
DA:161,1166
DA:167,1
LF:57
LH:57
BRDA:20,0,0,200
BRDA:64,1,0,541
BRDA:66,2,0,483
BRDA:75,3,0,200
BRDA:100,4,0,658
BRDA:101,5,0,1241
BRDA:101,5,1,783
BRDA:119,6,0,100
BRDA:119,6,1,210
BRDA:126,7,0,200
BRDA:128,8,0,383
BRF:11
BRH:11
end_of_record
TN:
SF:src/stream/streamType.ts
FN:9,(anonymous_0)
FN:16,(anonymous_1)
FN:20,(anonymous_2)
FN:24,(anonymous_3)
FN:28,(anonymous_4)
FN:32,(anonymous_5)
FN:36,(anonymous_6)
FN:40,(anonymous_7)
FN:44,(anonymous_8)
FN:48,(anonymous_9)
FN:52,(anonymous_10)
FN:56,(anonymous_11)
FN:60,(anonymous_12)
FN:64,(anonymous_13)
FNF:14
FNH:14
FNDA:4600,(anonymous_0)
FNDA:13058,(anonymous_1)
FNDA:100,(anonymous_2)
FNDA:13358,(anonymous_3)
FNDA:13458,(anonymous_4)
FNDA:56160,(anonymous_5)
FNDA:15900,(anonymous_6)
FNDA:31280,(anonymous_7)
FNDA:410,(anonymous_8)
FNDA:15966,(anonymous_9)
FNDA:1166,(anonymous_10)
FNDA:13758,(anonymous_11)
FNDA:13258,(anonymous_12)
FNDA:13258,(anonymous_13)
DA:3,4600
DA:4,4600
DA:5,4600
DA:6,4600
DA:7,4600
DA:10,4600
DA:11,4600
DA:12,4600
DA:13,4600
DA:17,13058
DA:21,100
DA:25,13358
DA:29,13458
DA:33,56160
DA:37,15900
DA:41,31280
DA:45,410
DA:49,15966
DA:53,1166
DA:57,13758
DA:61,13258
DA:65,13258
DA:66,13100
DA:67,410
DA:68,410
DA:70,13100
DA:71,13100
DA:75,2
LF:28
LH:28
BRDA:65,0,0,158
BRDA:66,1,0,410
BRF:2
BRH:2
end_of_record
